<?xml version="1.0" encoding="UTF-8"?>
<testng-results ignored="0" total="1" passed="1" failed="0" skipped="0">
  <reporter-output>
  </reporter-output>
  <suite started-at="2021-04-10T07:47:29 IST" name="Test Results" finished-at="2021-04-10T07:48:01 IST" duration-ms="32020">
    <groups>
    </groups>
    <test started-at="2021-04-10T07:47:29 IST" name="GTMETRIX TEST CASE" finished-at="2021-04-10T07:48:01 IST" duration-ms="32020">
      <class name="gtmetrix.gtmetrix">
        <test-method signature="run()[pri:0, instance:gtmetrix.gtmetrix@459e9125]" started-at="2021-04-10T07:47:29 IST" name="run" finished-at="2021-04-10T07:48:01 IST" duration-ms="31943" status="PASS">
          <reporter-output>
          </reporter-output>
        </test-method> <!-- run -->
      </class> <!-- gtmetrix.gtmetrix -->
    </test> <!-- GTMETRIX TEST CASE -->
  </suite> <!-- Test Results -->
</testng-results>
